\BOOKMARK [1][-]{section.1}{\376\377\000I\000n\000t\000r\000o\000d\000u\000c\000t\000i\000o\000n}{}% 1
\BOOKMARK [2][-]{subsection.1.1}{\376\377\000C\000o\000n\000t\000e\000x\000t\000\040\000a\000n\000d\000\040\000m\000o\000t\000i\000v\000a\000t\000i\000o\000n}{section.1}% 2
\BOOKMARK [2][-]{subsection.1.2}{\376\377\000R\000e\000l\000a\000t\000i\000o\000n\000\040\000t\000o\000\040\000t\000h\000e\000\040\000b\000a\000s\000e\000\040\000u\000n\000i\000m\000e\000t\000r\000y\000\040\000p\000a\000p\000e\000r}{section.1}% 3
\BOOKMARK [2][-]{subsection.1.3}{\376\377\000M\000a\000i\000n\000\040\000r\000e\000s\000u\000l\000t\000s}{section.1}% 4
\BOOKMARK [2][-]{subsection.1.4}{\376\377\000S\000t\000r\000u\000c\000t\000u\000r\000e\000\040\000o\000f\000\040\000t\000h\000e\000\040\000p\000a\000p\000e\000r}{section.1}% 5
\BOOKMARK [1][-]{section.2}{\376\377\000Q\000u\000a\000t\000e\000r\000n\000i\000o\000n\000\040\000a\000l\000g\000e\000b\000r\000a\000\040\000a\000n\000d\000\040\000b\000i\000l\000i\000n\000e\000a\000r\000\040\000f\000o\000r\000m\000s}{}% 6
\BOOKMARK [2][-]{subsection.2.1}{\376\377\000B\000a\000s\000i\000c\000\040\000n\000o\000t\000a\000t\000i\000o\000n\000\040\000a\000n\000d\000\040\000c\000o\000n\000v\000e\000n\000t\000i\000o\000n\000s}{section.2}% 7
\BOOKMARK [2][-]{subsection.2.2}{\376\377\000Q\000u\000a\000t\000e\000r\000n\000i\000o\000n\000\040\000p\000r\000o\000d\000u\000c\000t\000\040\000a\000n\000d\000\040\000d\000e\000c\000o\000m\000p\000o\000s\000i\000t\000i\000o\000n\000\040\000i\000n\000t\000o\000\040\000A\000,\000\040\000B\000,\000\040\000C\000\040\000f\000o\000r\000m\000s}{section.2}% 8
\BOOKMARK [2][-]{subsection.2.3}{\376\377\000G\000e\000o\000m\000e\000t\000r\000i\000c\000\040\000i\000n\000t\000e\000r\000p\000r\000e\000t\000a\000t\000i\000o\000n\000\040\000a\000n\000d\000\040\000t\000e\000n\000s\000o\000r\000\040\000s\000t\000r\000u\000c\000t\000u\000r\000e\000\040\000o\000f\000\040\000A\000,\000\040\000B\000,\000\040\000C}{section.2}% 9
\BOOKMARK [1][-]{section.3}{\376\377\000P\000h\000a\000s\000e\000\040\000p\000r\000o\000t\000o\000-\000s\000p\000a\000c\000e\000\040\000a\000n\000d\000\040\000f\000l\000o\000w\000:\000\040\000b\000r\000i\000e\000f\000\040\000u\000n\000i\000m\000e\000t\000r\000y\000\040\000o\000v\000e\000r\000v\000i\000e\000w}{}% 10
\BOOKMARK [2][-]{subsection.3.1}{\376\377\000P\000r\000o\000t\000o\000-\000s\000p\000a\000c\000e\000,\000\040\000p\000h\000a\000s\000e\000\040\000p\000o\000t\000e\000n\000t\000i\000a\000l\000\040\000a\000n\000d\000\040\000p\000h\000a\000s\000e\000\040\0001\000-\000f\000o\000r\000m}{section.3}% 11
\BOOKMARK [2][-]{subsection.3.2}{\376\377\000F\000l\000o\000w\000\040\000v\000e\000c\000t\000o\000r\000\040\000a\000n\000d\000\040\000n\000o\000r\000m\000a\000l\000i\000z\000a\000t\000i\000o\000n}{section.3}% 12
\BOOKMARK [2][-]{subsection.3.3}{\376\377\000I\000n\000t\000r\000i\000n\000s\000i\000c\000\040\000a\000n\000g\000l\000e\000,\000\040\000p\000r\000o\000p\000e\000r\000\040\000t\000i\000m\000e\000\040\000a\000n\000d\000\040\000c\000o\000r\000r\000e\000s\000p\000o\000n\000d\000e\000n\000c\000e\000\040\000w\000i\000t\000h\000\040\000S\000R}{section.3}% 13
\BOOKMARK [2][-]{subsection.3.4}{\376\377\000N\000o\000t\000a\000t\000i\000o\000n\000\040\000t\000a\000b\000l\000e}{section.3}% 14
\BOOKMARK [1][-]{section.4}{\376\377\000F\000l\000o\000w\000\040\000c\000a\000l\000i\000b\000r\000a\000t\000i\000o\000n\000s\000\040\000a\000n\000d\000\040\000e\000n\000e\000r\000g\000y\000-\000l\000i\000k\000e\000\040\000f\000u\000n\000c\000t\000i\000o\000n\000a\000l\000s}{}% 15
\BOOKMARK [2][-]{subsection.4.1}{\376\377\000F\000l\000o\000w\000\040\000p\000a\000r\000a\000m\000e\000t\000e\000r\000,\000\040\000p\000h\000a\000s\000e\000\040\000p\000o\000t\000e\000n\000t\000i\000a\000l\000,\000\040\000a\000n\000d\000\040\000p\000h\000a\000s\000e\000\040\000f\000r\000e\000q\000u\000e\000n\000c\000y}{section.4}% 16
\BOOKMARK [2][-]{subsection.4.2}{\376\377\000G\000e\000o\000m\000e\000t\000r\000i\000c\000\040\000v\000s\000\040\000s\000t\000r\000u\000c\000t\000u\000r\000a\000l\000\040\000c\000a\000l\000i\000b\000r\000a\000t\000i\000o\000n\000\040\000o\000f\000\040\000t\000h\000e\000\040\000f\000l\000o\000w}{section.4}% 17
\BOOKMARK [2][-]{subsection.4.3}{\376\377\000C\000y\000c\000l\000i\000c\000\040\000o\000r\000i\000g\000i\000n\000\040\000o\000f\000\040\000l\000o\000c\000a\000l\000\040\000t\000i\000m\000e\000\040\000a\000n\000d\000\040\000p\000r\000o\000t\000o\000-\000p\000a\000r\000a\000m\000e\000t\000e\000r\000\040\000s\000p\000e\000e\000d}{section.4}% 18
\BOOKMARK [2][-]{subsection.4.4}{\376\377\000K\000i\000n\000e\000m\000a\000t\000i\000c\000\040\000\050\000p\000h\000a\000s\000e\000\051\000\040\000c\000a\000l\000i\000b\000r\000a\000t\000i\000o\000n}{section.4}% 19
\BOOKMARK [2][-]{subsection.4.5}{\376\377\000S\000t\000r\000u\000c\000t\000u\000r\000a\000l\000\040\000p\000a\000r\000a\000m\000e\000t\000e\000r\000\040\000a\000n\000d\000\040\000v\000o\000l\000u\000m\000e\000t\000r\000i\000c\000\040\000c\000o\000e\000f\000f\000i\000c\000i\000e\000n\000t}{section.4}% 20
\BOOKMARK [2][-]{subsection.4.6}{\376\377\000P\000r\000o\000p\000e\000r\000-\000t\000i\000m\000e\000\040\000c\000a\000l\000i\000b\000r\000a\000t\000i\000o\000n\000\040\000a\000n\000d\000\040\000e\000n\000e\000r\000g\000y\000\040\000f\000a\000c\000t\000o\000r\000i\000z\000a\000t\000i\000o\000n}{section.4}% 21
\BOOKMARK [2][-]{subsection.4.7}{\376\377\000F\000r\000o\000m\000\040\000f\000l\000o\000w\000\040\000v\000e\000c\000t\000o\000r\000\040\000t\000o\000\040\000f\000l\000o\000w\000\040\000q\000u\000a\000t\000e\000r\000n\000i\000o\000n}{section.4}% 22
\BOOKMARK [2][-]{subsection.4.8}{\376\377\000S\000c\000a\000l\000a\000r\000\040\000s\000e\000l\000f\000-\000f\000o\000r\000m\000\040\000A\000\050\000q\000,\000q\000\051\000\040\000a\000s\000\040\000k\000i\000n\000e\000m\000a\000t\000i\000c\000\040\000f\000a\000c\000t\000o\000r}{section.4}% 23
\BOOKMARK [1][-]{section.5}{\376\377\000M\000e\000t\000r\000i\000c\000\040\000d\000r\000e\000s\000s\000i\000n\000g\000\040\000o\000f\000\040\000b\000o\000d\000y\000\040\000q\000u\000a\000t\000e\000r\000n\000i\000o\000n\000s\000\040\000a\000n\000d\000\040\000g\000r\000a\000v\000i\000t\000o\040\023\000e\000l\000e\000c\000t\000r\000o\000m\000a\000g\000n\000e\000t\000i\000c\000\040\000s\000e\000l\000f\000-\000f\000o\000r\000m\000s}{}% 24
\BOOKMARK [2][-]{subsection.5.1}{\376\377\000S\000t\000r\000e\000a\000m\000l\000e\000t\000\040\000p\000i\000c\000t\000u\000r\000e\000\040\000o\000f\000\040\000g\000r\000a\000v\000i\000t\000a\000t\000i\000o\000n\000\040\000a\000n\000d\000\040\000e\000l\000e\000c\000t\000r\000i\000c\000\040\000c\000h\000a\000r\000g\000e}{section.5}% 25
\BOOKMARK [3][-]{subsubsection.5.1.1}{\376\377\000S\000t\000r\000e\000a\000m\000l\000e\000t\000\040\000e\000n\000s\000e\000m\000b\000l\000e\000\040\000a\000n\000d\000\040\000f\000l\000o\000w\000\040\000b\000u\000d\000g\000e\000t}{subsection.5.1}% 26
\BOOKMARK [3][-]{subsubsection.5.1.2}{\376\377\000G\000r\000a\000v\000i\000t\000a\000t\000i\000o\000n\000\040\000a\000s\000\040\000e\000x\000c\000l\000u\000s\000i\000o\000n\000\040\000o\000f\000\040\000i\000n\000t\000e\000r\000s\000e\000c\000t\000i\000n\000g\000\040\000s\000t\000r\000e\000a\000m\000l\000e\000t\000\040\000p\000a\000t\000h\000s}{subsection.5.1}% 27
\BOOKMARK [3][-]{subsubsection.5.1.3}{\376\377\000E\000l\000e\000c\000t\000r\000i\000c\000\040\000c\000h\000a\000r\000g\000e\000\040\000a\000s\000\040\000a\000\040\000t\000e\000m\000p\000o\000r\000a\000l\000\040\000o\000r\000i\000e\000n\000t\000a\000t\000i\000o\000n\000\040\000i\000m\000b\000a\000l\000a\000n\000c\000e}{subsection.5.1}% 28
\BOOKMARK [3][-]{subsubsection.5.1.4}{\376\377\000T\000e\000m\000p\000o\000r\000a\000l\000\040\000d\000i\000r\000e\000c\000t\000i\000o\000n\000\040\000o\000f\000\040\000c\000h\000a\000r\000g\000e\000\040\000i\000n\000\040\000d\000r\000e\000s\000s\000e\000d\000\040\000b\000o\000d\000y\000\040\000q\000u\000a\000t\000e\000r\000n\000i\000o\000n\000s}{subsection.5.1}% 29
\BOOKMARK [2][-]{subsection.5.2}{\376\377\000M\000e\000t\000r\000i\000c\000\040\000d\000r\000e\000s\000s\000i\000n\000g\000:\000\040\000f\000r\000o\000m\000\040\000m\000a\000s\000s\000\040\000a\000n\000d\000\040\000c\000h\000a\000r\000g\000e\000\040\000t\000o\000\040\000e\000f\000f\000e\000c\000t\000i\000v\000e\000\040\000l\000e\000n\000g\000t\000h\000s}{section.5}% 30
\BOOKMARK [2][-]{subsection.5.3}{\376\377\000S\000i\000n\000g\000l\000e\000\040\000b\000o\000d\000y\000:\000\040\000r\000e\000s\000t\000\040\000e\000n\000e\000r\000g\000y\000\040\000f\000r\000o\000m\000\040\000t\000h\000e\000\040\000E\000u\000c\000l\000i\000d\000e\000a\000n\000\040\000s\000e\000l\000f\000-\000f\000o\000r\000m}{section.5}% 31
\BOOKMARK [2][-]{subsection.5.4}{\376\377\000T\000w\000o\000-\000b\000o\000d\000y\000\040\000i\000n\000t\000e\000r\000a\000c\000t\000i\000o\000n\000\040\000a\000n\000d\000\040\000s\000c\000a\000l\000a\000r\000\040\000s\000e\000l\000f\000-\000f\000o\000r\000m}{section.5}% 32
\BOOKMARK [2][-]{subsection.5.5}{\376\377\000V\000e\000c\000t\000o\000r\000\040\000s\000e\000l\000f\000-\000f\000o\000r\000m\000s\000\040\000a\000n\000d\000\040\000f\000i\000e\000l\000d\000-\000l\000i\000k\000e\000\040\000c\000h\000a\000n\000n\000e\000l\000s}{section.5}% 33
\BOOKMARK [2][-]{subsection.5.6}{\376\377\000F\000r\000o\000m\000\040\000i\000n\000t\000e\000r\000a\000c\000t\000i\000o\000n\000\040\000t\000o\000\040\000f\000i\000e\000l\000d\000:\000\040\000l\000o\000c\000a\000l\000\040\000G\000E\000M\000\040\000q\000u\000a\000t\000e\000r\000n\000i\000o\000n}{section.5}% 34
\BOOKMARK [1][-]{section.6}{\376\377\000M\000a\000s\000s\000\040\000a\000s\000\040\000a\000\040\000f\000u\000n\000c\000t\000i\000o\000n\000a\000l\000\040\000o\000f\000\040\000s\000t\000r\000e\000a\000m\000l\000e\000t\000\040\000s\000t\000r\000u\000c\000t\000u\000r\000e\000\040\000i\000n\000\040\000U\000n\000i\000m\000e\000t\000r\000y}{}% 35
\BOOKMARK [2][-]{subsection.6.1}{\376\377\000S\000t\000r\000e\000a\000m\000l\000e\000t\000s\000,\000\040\000n\000o\000r\000m\000a\000l\000i\000z\000a\000t\000i\000o\000n\000\040\000a\000n\000d\000\040\000s\000e\000c\000o\000n\000d\000\040\000m\000o\000m\000e\000n\000t\000s}{section.6}% 36
\BOOKMARK [2][-]{subsection.6.2}{\376\377\000S\000t\000r\000u\000c\000t\000u\000r\000a\000l\000\040\000a\000n\000g\000l\000e\000\040\003\266\000\040\000f\000r\000o\000m\000\040\000t\000h\000e\000\040\000s\000e\000c\000o\000n\000d\000\040\000m\000o\000m\000e\000n\000t\000\040\000\050\000w\000i\000t\000h\000o\000u\000t\000\040\000m\000a\000s\000s\000\051}{section.6}% 37
\BOOKMARK [2][-]{subsection.6.3}{\376\377\000T\000o\000t\000a\000l\000\040\000p\000r\000o\000t\000o\040\023\000f\000l\000o\000w\000\040\000m\000a\000g\000n\000i\000t\000u\000d\000e\000\040\000a\000n\000d\000\040\000t\000e\000m\000p\000o\000r\000a\000l\000\040\000s\000h\000a\000r\000e}{section.6}% 38
\BOOKMARK [2][-]{subsection.6.4}{\376\377\000P\000h\000a\000s\000e\000\040\000p\000a\000r\000a\000m\000e\000t\000e\000r\000\040\003\307\000,\000\040\000c\000y\000c\000l\000i\000c\000\040\000t\000i\000m\000e\000\040\003\304\000,\000\040\000a\000n\000d\000\040\000i\000n\000v\000a\000r\000i\000a\000n\000t\000\040\000f\000l\000o\000w\000\040\000H}{section.6}% 39
\BOOKMARK [1][-]{section.7}{\376\377\000B\000i\000l\000i\000n\000e\000a\000r\000\040\000f\000o\000r\000m\000s\000\040\000a\000n\000d\000\040\000s\000t\000a\000t\000i\000c\000\040\000g\000r\000a\000v\000i\000t\000o\040\023\000e\000l\000e\000c\000t\000r\000o\000m\000a\000g\000n\000e\000t\000i\000s\000m}{}% 40
\BOOKMARK [2][-]{subsection.7.1}{\376\377\000D\000r\000e\000s\000s\000e\000d\000\040\000b\000o\000d\000y\000\040\000q\000u\000a\000t\000e\000r\000n\000i\000o\000n\000s\000\040\000i\000n\000\040\000t\000h\000e\000\040\000s\000t\000a\000t\000i\000c\000,\000\040\000i\000s\000o\000t\000r\000o\000p\000i\000c\000\040\000c\000a\000s\000e}{section.7}% 41
\BOOKMARK [2][-]{subsection.7.2}{\376\377\000S\000c\000a\000l\000a\000r\000\040\000b\000i\000l\000i\000n\000e\000a\000r\000\040\000f\000o\000r\000m\000\040\000a\000n\000d\000\040\000N\000e\000w\000t\000o\000n\040\023\000C\000o\000u\000l\000o\000m\000b\000\040\000p\000o\000t\000e\000n\000t\000i\000a\000l\000s}{section.7}% 42
\BOOKMARK [2][-]{subsection.7.3}{\376\377\000E\000u\000c\000l\000i\000d\000e\000a\000n\000\040\000s\000e\000l\000f\000-\000f\000o\000r\000m\000\040\000a\000n\000d\000\040\000d\000e\000c\000o\000m\000p\000o\000s\000i\000t\000i\000o\000n\000\040\000o\000f\000\040\000t\000o\000t\000a\000l\000\040\000e\000n\000e\000r\000g\000y}{section.7}% 43
\BOOKMARK [2][-]{subsection.7.4}{\376\377\000R\000a\000d\000i\000a\000l\000\040\000f\000i\000e\000l\000d\000\040\000f\000r\000o\000m\000\040\000t\000h\000e\000\040\000v\000e\000c\000t\000o\000r\000\040\000f\000o\000r\000m\000\040\000i\000n\000\040\000t\000h\000e\000\040\000s\000t\000a\000t\000i\000c\000\040\000r\000e\000g\000i\000m\000e}{section.7}% 44
\BOOKMARK [2][-]{subsection.7.5}{\376\377\000S\000u\000m\000m\000a\000r\000y\000\040\000o\000f\000\040\000t\000h\000e\000\040\000s\000t\000a\000t\000i\000c\000\040\000G\000E\000M\000\040\000s\000e\000c\000t\000o\000r}{section.7}% 45
\BOOKMARK [1][-]{section.8}{\376\377\000Q\000u\000a\000t\000e\000r\000n\000i\000o\000n\000i\000c\000\040\000G\000E\000M\000\040\000f\000i\000e\000l\000d\000\040\000i\000n\000\040\000t\000h\000e\000\040\000o\000b\000s\000e\000r\000v\000a\000b\000l\000e\000\040\000t\000h\000r\000e\000e\040\023\000s\000p\000a\000c\000e}{}% 46
\BOOKMARK [2][-]{subsection.8.1}{\376\377\000O\000b\000s\000e\000r\000v\000a\000b\000l\000e\000\040\000f\000r\000a\000m\000e\000\040\000a\000n\000d\000\040\0003\000+\0001\000\040\000s\000p\000l\000i\000t\000t\000i\000n\000g}{section.8}% 47
\BOOKMARK [2][-]{subsection.8.2}{\376\377\000L\000o\000c\000a\000l\000\040\000G\000E\000M\000\040\000f\000i\000e\000l\000d\000\040\000o\000f\000\040\000a\000\040\000s\000i\000n\000g\000l\000e\000\040\000s\000t\000a\000t\000i\000c\000\040\000s\000o\000u\000r\000c\000e}{section.8}% 48
\BOOKMARK [2][-]{subsection.8.3}{\376\377\000S\000u\000p\000e\000r\000p\000o\000s\000i\000t\000i\000o\000n\000\040\000p\000r\000i\000n\000c\000i\000p\000l\000e\000\040\000a\000n\000d\000\040\000t\000o\000t\000a\000l\000\040\000s\000t\000a\000t\000i\000c\000\040\000f\000i\000e\000l\000d}{section.8}% 49
\BOOKMARK [2][-]{subsection.8.4}{\376\377\000T\000u\000r\000n\000i\000n\000g\000\040\000o\000n\000\040\000m\000o\000t\000i\000o\000n\000:\000\040\000D\040\023\000r\000o\000t\000a\000t\000i\000o\000n\000s\000\040\000a\000n\000d\000\040\000v\000o\000r\000t\000i\000c\000a\000l\000\040\000c\000h\000a\000n\000n\000e\000l}{section.8}% 50
\BOOKMARK [2][-]{subsection.8.5}{\376\377\000Q\000u\000a\000t\000e\000r\000n\000i\000o\000n\000i\000c\000\040\000G\000E\000M\000\040\000f\000i\000e\000l\000d\000\040\000a\000s\000\040\000a\000\040\0003\000D\000\040\000o\000b\000s\000e\000r\000v\000a\000b\000l\000e}{section.8}% 51
\BOOKMARK [1][-]{section.9}{\376\377\000D\000-\000r\000o\000t\000o\000r\000s\000\040\000a\000n\000d\000\040\000r\000e\000l\000a\000t\000i\000v\000i\000s\000t\000i\000c\000\040\000d\000y\000n\000a\000m\000i\000c\000s\000\040\000o\000f\000\040\000G\000E\000M}{}% 52
\BOOKMARK [2][-]{subsection.9.1}{\376\377\000U\000n\000i\000m\000e\000t\000r\000i\000c\000a\000l\000\040\000D\000-\000r\000o\000t\000o\000r\000s\000\040\000a\000s\000\040\000r\000e\000a\000l\040\023\000i\000m\000a\000g\000i\000n\000a\000r\000y\000\040\000r\000o\000t\000a\000t\000i\000o\000n\000s}{section.9}% 53
\BOOKMARK [2][-]{subsection.9.2}{\376\377\000B\000o\000o\000s\000t\000i\000n\000g\000\040\000d\000r\000e\000s\000s\000e\000d\000\040\000b\000o\000d\000y\000\040\000q\000u\000a\000t\000e\000r\000n\000i\000o\000n\000s}{section.9}% 54
\BOOKMARK [2][-]{subsection.9.3}{\376\377\000F\000i\000e\000l\000d\000\040\000q\000u\000a\000t\000e\000r\000n\000i\000o\000n\000s\000\040\000u\000n\000d\000e\000r\000\040\000D\000-\000r\000o\000t\000o\000r\000s}{section.9}% 55
\BOOKMARK [2][-]{subsection.9.4}{\376\377\000R\000e\000l\000a\000t\000i\000v\000i\000s\000t\000i\000c\000\040\000G\000E\000M\000\040\000f\000o\000r\000c\000e\000\040\000v\000i\000a\000\040\000b\000i\000l\000i\000n\000e\000a\000r\000\040\000c\000o\000u\000p\000l\000i\000n\000g\000s}{section.9}% 56
\BOOKMARK [2][-]{subsection.9.5}{\376\377\000D\000-\000r\000o\000t\000o\000r\000\040\000f\000i\000e\000l\000d\000s\000\040\000a\000n\000d\000\040\000U\000n\000i\000m\000e\000t\000r\000i\000c\000\040\000e\000q\000u\000i\000v\000a\000l\000e\000n\000c\000e\000\040\000p\000r\000i\000n\000c\000i\000p\000l\000e}{section.9}% 57
\BOOKMARK [1][-]{section.10}{\376\377\000D\000-\000r\000o\000t\000o\000r\000s\000\040\000a\000n\000d\000\040\000r\000e\000l\000a\000t\000i\000v\000i\000s\000t\000i\000c\000\040\000d\000y\000n\000a\000m\000i\000c\000s\000\040\000o\000f\000\040\000G\000E\000M}{}% 58
\BOOKMARK [2][-]{subsection.10.1}{\376\377\000U\000n\000i\000m\000e\000t\000r\000i\000c\000a\000l\000\040\000D\000-\000r\000o\000t\000o\000r\000s\000\040\000a\000s\000\040\000r\000e\000a\000l\040\023\000i\000m\000a\000g\000i\000n\000a\000r\000y\000\040\000r\000o\000t\000a\000t\000i\000o\000n\000s}{section.10}% 59
\BOOKMARK [2][-]{subsection.10.2}{\376\377\000B\000o\000o\000s\000t\000i\000n\000g\000\040\000d\000r\000e\000s\000s\000e\000d\000\040\000b\000o\000d\000y\000\040\000q\000u\000a\000t\000e\000r\000n\000i\000o\000n\000s}{section.10}% 60
\BOOKMARK [2][-]{subsection.10.3}{\376\377\000F\000i\000e\000l\000d\000\040\000q\000u\000a\000t\000e\000r\000n\000i\000o\000n\000s\000\040\000u\000n\000d\000e\000r\000\040\000D\000-\000r\000o\000t\000o\000r\000s}{section.10}% 61
\BOOKMARK [2][-]{subsection.10.4}{\376\377\000R\000e\000l\000a\000t\000i\000v\000i\000s\000t\000i\000c\000\040\000G\000E\000M\000\040\000f\000o\000r\000c\000e\000\040\000v\000i\000a\000\040\000b\000i\000l\000i\000n\000e\000a\000r\000\040\000c\000o\000u\000p\000l\000i\000n\000g\000s}{section.10}% 62
\BOOKMARK [2][-]{subsection.10.5}{\376\377\000D\000-\000r\000o\000t\000o\000r\000\040\000f\000i\000e\000l\000d\000s\000\040\000a\000n\000d\000\040\000U\000n\000i\000m\000e\000t\000r\000i\000c\000\040\000e\000q\000u\000i\000v\000a\000l\000e\000n\000c\000e\000\040\000p\000r\000i\000n\000c\000i\000p\000l\000e}{section.10}% 63
\BOOKMARK [1][-]{section.11}{\376\377\000Q\000u\000a\000t\000e\000r\000n\000i\000o\000n\000i\000c\000\040\000G\000E\000M\000\040\000f\000i\000e\000l\000d\000\040\000e\000q\000u\000a\000t\000i\000o\000n\000s\000\040\000i\000n\000\040\000t\000h\000r\000e\000e\040\023\000s\000p\000a\000c\000e}{}% 64
\BOOKMARK [2][-]{subsection.11.1}{\376\377\000Q\000u\000a\000t\000e\000r\000n\000i\000o\000n\000i\000c\000\040\000d\000i\000f\000f\000e\000r\000e\000n\000t\000i\000a\000l\000\040\000o\000p\000e\000r\000a\000t\000o\000r\000\040\000a\000n\000d\000\040\000s\000o\000u\000r\000c\000e\000\040\000c\000u\000r\000r\000e\000n\000t}{section.11}% 65
\BOOKMARK [2][-]{subsection.11.2}{\376\377\000Q\000u\000a\000t\000e\000r\000n\000i\000o\000n\000i\000c\000\040\000G\000E\000M\000\040\000f\000i\000e\000l\000d\000\040\000e\000q\000u\000a\000t\000i\000o\000n}{section.11}% 66
\BOOKMARK [2][-]{subsection.11.3}{\376\377\0003\000+\0001\000\040\000d\000e\000c\000o\000m\000p\000o\000s\000i\000t\000i\000o\000n\000:\000\040\000g\000r\000a\000v\000i\000t\000o\040\023\000e\000l\000e\000c\000t\000r\000i\000c\000\040\000a\000n\000d\000\040\000m\000a\000g\000n\000e\000t\000i\000c\000\040\000s\000e\000c\000t\000o\000r\000s}{section.11}% 67
\BOOKMARK [2][-]{subsection.11.4}{\376\377\000C\000o\000v\000a\000r\000i\000a\000n\000c\000e\000\040\000u\000n\000d\000e\000r\000\040\000D\000-\000r\000o\000t\000o\000r\000s\000\040\000a\000n\000d\000\040\000p\000r\000o\000p\000a\000g\000a\000t\000i\000o\000n}{section.11}% 68
\BOOKMARK [2][-]{subsection.11.5}{\376\377\000S\000u\000m\000m\000a\000r\000y\000\040\000a\000n\000d\000\040\000o\000u\000t\000l\000o\000o\000k}{section.11}% 69
\BOOKMARK [1][-]{section.12}{\376\377\000H\000a\000m\000i\000l\000t\000o\000n\000i\000a\000n\000s\000\040\000a\000n\000d\000\040\000L\000a\000g\000r\000a\000n\000g\000i\000a\000n\000s\000\040\000o\000f\000\040\000q\000u\000a\000t\000e\000r\000n\000i\000o\000n\000i\000c\000\040\000G\000E\000M}{}% 70
\BOOKMARK [2][-]{subsection.12.1}{\376\377\000F\000r\000e\000e\000-\000b\000o\000d\000y\000\040\000H\000a\000m\000i\000l\000t\000o\000n\000i\000a\000n}{section.12}% 71
\BOOKMARK [2][-]{subsection.12.2}{\376\377\000I\000n\000t\000e\000r\000a\000c\000t\000i\000o\000n\000\040\000H\000a\000m\000i\000l\000t\000o\000n\000i\000a\000n}{section.12}% 72
\BOOKMARK [2][-]{subsection.12.3}{\376\377\000S\000t\000r\000o\000n\000g\040\023\000f\000i\000e\000l\000d\000\040\000g\000r\000a\000v\000i\000t\000a\000t\000i\000o\000n\000a\000l\000\040\000s\000e\000c\000t\000o\000r\000\040\000a\000n\000d\000\040\000S\000c\000h\000w\000a\000r\000z\000s\000c\000h\000i\000l\000d\000\040\000l\000i\000m\000i\000t}{section.12}% 73
\BOOKMARK [3][-]{subsubsection.12.3.1}{\376\377\000S\000p\000h\000e\000r\000i\000c\000a\000l\000l\000y\000\040\000s\000y\000m\000m\000e\000t\000r\000i\000c\000\040\000s\000o\000u\000r\000c\000e\000\040\000a\000n\000d\000\040\000S\000c\000h\000w\000a\000r\000z\000s\000c\000h\000i\000l\000d\000\040\000s\000e\000c\000t\000o\000r}{subsection.12.3}% 74
\BOOKMARK [3][-]{subsubsection.12.3.2}{\376\377\000S\000t\000r\000o\000n\000g\040\023\000f\000i\000e\000l\000d\000\040\000G\000E\000M\000\040\000e\000q\000u\000a\000t\000i\000o\000n\000s}{subsection.12.3}% 75
\BOOKMARK [2][-]{subsection.12.4}{\376\377\000F\000i\000e\000l\000d\000\040\000L\000a\000g\000r\000a\000n\000g\000i\000a\000n\000\040\000i\000n\000\040\000t\000e\000r\000m\000s\000\040\000o\000f\000\040\000A\000,\000B\000,\000C}{section.12}% 76
\BOOKMARK [1][-]{section.13}{\376\377\000R\000e\000l\000a\000t\000i\000o\000n\000\040\000t\000o\000\040\000M\000a\000x\000w\000e\000l\000l\000'\000s\000\040\000e\000q\000u\000a\000t\000i\000o\000n\000s\000\040\000a\000n\000d\000\040\000l\000i\000n\000e\000a\000r\000i\000z\000e\000d\000\040\000G\000E\000M}{}% 77
\BOOKMARK [2][-]{subsection.13.1}{\376\377\000S\000t\000a\000t\000i\000c\000\040\000e\000q\000u\000a\000t\000i\000o\000n\000s\000\040\000a\000n\000d\000\040\000P\000o\000i\000s\000s\000o\000n\000-\000t\000y\000p\000e\000\040\000e\000q\000u\000a\000t\000i\000o\000n\000s}{section.13}% 78
\BOOKMARK [2][-]{subsection.13.2}{\376\377\000Q\000u\000a\000s\000i\000-\000s\000t\000a\000t\000i\000o\000n\000a\000r\000y\000\040\000r\000e\000g\000i\000m\000e\000\040\000a\000n\000d\000\040\000c\000o\000n\000t\000i\000n\000u\000i\000t\000y\000\040\000e\000q\000u\000a\000t\000i\000o\000n\000s}{section.13}% 79
\BOOKMARK [2][-]{subsection.13.3}{\376\377\000C\000o\000m\000p\000a\000r\000i\000s\000o\000n\000\040\000w\000i\000t\000h\000\040\000t\000h\000e\000\040\000c\000l\000a\000s\000s\000i\000c\000a\000l\000\040\000G\000E\000M\000\040\000f\000o\000r\000m\000a\000l\000i\000s\000m}{section.13}% 80
\BOOKMARK [1][-]{section.14}{\376\377\000D\000i\000s\000c\000u\000s\000s\000i\000o\000n\000\040\000a\000n\000d\000\040\000o\000u\000t\000l\000o\000o\000k}{}% 81
\BOOKMARK [2][-]{subsection.14.1}{\376\377\000W\000h\000a\000t\000\040\000i\000s\000\040\000u\000n\000i\000f\000i\000e\000d\000,\000\040\000a\000n\000d\000\040\000i\000n\000\040\000w\000h\000a\000t\000\040\000s\000e\000n\000s\000e}{section.14}% 82
\BOOKMARK [2][-]{subsection.14.2}{\376\377\000R\000e\000l\000a\000t\000i\000o\000n\000\040\000t\000o\000\040\000e\000x\000i\000s\000t\000i\000n\000g\000\040\000f\000r\000a\000m\000e\000w\000o\000r\000k\000s}{section.14}% 83
\BOOKMARK [2][-]{subsection.14.3}{\376\377\000L\000i\000m\000i\000t\000a\000t\000i\000o\000n\000s\000\040\000a\000n\000d\000\040\000o\000p\000e\000n\000\040\000c\000o\000n\000c\000e\000p\000t\000u\000a\000l\000\040\000q\000u\000e\000s\000t\000i\000o\000n\000s}{section.14}% 84
\BOOKMARK [2][-]{subsection.14.4}{\376\377\000P\000o\000s\000s\000i\000b\000l\000e\000\040\000o\000b\000s\000e\000r\000v\000a\000t\000i\000o\000n\000a\000l\000\040\000a\000n\000d\000\040\000t\000h\000e\000o\000r\000e\000t\000i\000c\000a\000l\000\040\000t\000e\000s\000t\000s}{section.14}% 85
\BOOKMARK [2][-]{subsection.14.5}{\376\377\000F\000u\000t\000u\000r\000e\000\040\000d\000i\000r\000e\000c\000t\000i\000o\000n\000s}{section.14}% 86
\BOOKMARK [1][-]{appendix.A}{\376\377\000Q\000u\000a\000t\000e\000r\000n\000i\000o\000n\000\040\000a\000l\000g\000e\000b\000r\000a\000\040\000a\000n\000d\000\040\000m\000a\000t\000r\000i\000x\000\040\000r\000e\000p\000r\000e\000s\000e\000n\000t\000a\000t\000i\000o\000n\000\040\000\050\000d\000e\000t\000a\000i\000l\000s\000\051}{}% 87
\BOOKMARK [1][-]{appendix.B}{\376\377\000E\000x\000t\000e\000n\000d\000e\000d\000\040\000n\000o\000t\000a\000t\000i\000o\000n\000\040\000t\000a\000b\000l\000e}{}% 88
\BOOKMARK [1][-]{appendix.C}{\376\377\000D\000i\000m\000e\000n\000s\000i\000o\000n\000a\000l\000\040\000a\000n\000a\000l\000y\000s\000i\000s\000\040\000a\000n\000d\000\040\000n\000u\000m\000e\000r\000i\000c\000a\000l\000\040\000e\000s\000t\000i\000m\000a\000t\000e\000s}{}% 89
\BOOKMARK [1][-]{appendix.D}{\376\377\000D\000-\000r\000o\000t\000o\000r\000s\000,\000\040\000L\000o\000r\000e\000n\000t\000z\000\040\000t\000r\000a\000n\000s\000f\000o\000r\000m\000a\000t\000i\000o\000n\000s\000\040\000a\000n\000d\000\040\000W\000i\000g\000n\000e\000r\040\023\000T\000h\000o\000m\000a\000s\000\040\000r\000o\000t\000a\000t\000i\000o\000n}{}% 90
