\BOOKMARK [1][-]{section.1}{\376\377\000I\000n\000t\000r\000o\000d\000u\000c\000t\000i\000o\000n}{}% 1
\BOOKMARK [2][-]{subsection.1.1}{\376\377\000M\000o\000t\000i\000v\000a\000t\000i\000o\000n}{section.1}% 2
\BOOKMARK [2][-]{subsection.1.2}{\376\377\000R\000e\000l\000a\000t\000i\000o\000n\000\040\000t\000o\000\040\000p\000r\000e\000v\000i\000o\000u\000s\000\040\000w\000o\000r\000k}{section.1}% 3
\BOOKMARK [2][-]{subsection.1.3}{\376\377\000O\000u\000t\000l\000i\000n\000e}{section.1}% 4
\BOOKMARK [1][-]{section.2}{\376\377\000L\000o\000r\000e\000n\000t\000z\000i\000a\000n\000\040\000m\000e\000t\000r\000i\000c\000\040\000c\000o\000n\000s\000t\000r\000u\000c\000t\000i\000o\000n}{}% 5
\BOOKMARK [2][-]{subsection.2.1}{\376\377\000E\000u\000c\000l\000i\000d\000e\000a\000n\000\040\000p\000h\000a\000s\000e\000\040\000s\000p\000a\000c\000e}{section.2}% 6
\BOOKMARK [2][-]{subsection.2.2}{\376\377\000D\000i\000s\000t\000i\000n\000g\000u\000i\000s\000h\000e\000d\000\040\000u\000n\000i\000t\000\040\000v\000e\000c\000t\000o\000r\000\040\000f\000i\000e\000l\000d}{section.2}% 7
\BOOKMARK [2][-]{subsection.2.3}{\376\377\000L\000o\000r\000e\000n\000t\000z\000i\000a\000n\000\040\000m\000e\000t\000r\000i\000c\000\040\000d\000e\000f\000i\000n\000i\000t\000i\000o\000n}{section.2}% 8
\BOOKMARK [2][-]{subsection.2.4}{\376\377\000H\000o\000l\000l\000o\000w\000\040\000s\000p\000a\000c\000e\000\040\000a\000n\000d\000\040\000t\000h\000e\000\040\000n\000o\040\023\000s\000o\000u\000r\000c\000e\000\040\000r\000e\000f\000e\000r\000e\000n\000c\000e\000\040\000s\000t\000a\000t\000e}{section.2}% 9
\BOOKMARK [1][-]{section.3}{\376\377\000L\000o\000r\000e\000n\000t\000z\000i\000a\000n\000\040\000m\000e\000t\000r\000i\000c\000\040\000p\000r\000o\000p\000e\000r\000t\000i\000e\000s}{}% 10
\BOOKMARK [2][-]{subsection.3.1}{\376\377\000O\000r\000t\000h\000o\000g\000o\000n\000a\000l\000\040\000d\000e\000c\000o\000m\000p\000o\000s\000i\000t\000i\000o\000n\000\040\000o\000f\000\040\000t\000a\000n\000g\000e\000n\000t\000\040\000v\000e\000c\000t\000o\000r\000s}{section.3}% 11
\BOOKMARK [2][-]{subsection.3.2}{\376\377\000N\000o\000r\000m\000\040\000i\000d\000e\000n\000t\000i\000t\000i\000e\000s\000\040\000a\000n\000d\000\040\000c\000l\000a\000s\000s\000i\000f\000i\000c\000a\000t\000i\000o\000n\000\040\000o\000f\000\040\000v\000e\000c\000t\000o\000r\000s}{section.3}% 12
\BOOKMARK [2][-]{subsection.3.3}{\376\377\000G\000e\000o\000m\000e\000t\000r\000y\000\040\000o\000f\000\040\000t\000h\000e\000\040\000n\000u\000l\000l\000\040\000c\000o\000n\000e}{section.3}% 13
\BOOKMARK [2][-]{subsection.3.4}{\376\377\000S\000p\000a\000t\000i\000a\000l\000\040\000r\000o\000t\000a\000t\000i\000o\000n\000s\000\040\000p\000r\000e\000s\000e\000r\000v\000i\000n\000g\000\040\000\040\000a\000n\000d\000\040\000N}{section.3}% 14
\BOOKMARK [2][-]{subsection.3.5}{\376\377\000C\000a\000n\000o\000n\000i\000c\000a\000l\000\040\000c\000o\000o\000r\000d\000i\000n\000a\000t\000e\000s\000\040\000a\000d\000a\000p\000t\000e\000d\000\040\000t\000o\000\040\000N}{section.3}% 15
\BOOKMARK [1][-]{section.4}{\376\377\000F\000i\000e\000l\000d\000\040\000s\000o\000u\000r\000c\000e}{}% 16
\BOOKMARK [2][-]{subsection.4.1}{\376\377\000S\000t\000r\000e\000a\000m\000l\000e\000t\000s\000\040\000o\000n\000\040\000t\000h\000e\000\040\000b\000a\000c\000k\000g\000r\000o\000u\000n\000d\000\040\000N\0000}{section.4}% 17
\BOOKMARK [2][-]{subsection.4.2}{\376\377\000F\000i\000r\000s\000t\000\040\000m\000o\000m\000e\000n\000t\000\040\000a\000n\000d\000\040\000t\000h\000e\000\040\000c\000e\000n\000t\000e\000r\000e\000d\000\040\000\050\000r\000e\000s\000t\000\051\000\040\000c\000o\000n\000f\000i\000g\000u\000r\000a\000t\000i\000o\000n}{section.4}% 18
\BOOKMARK [2][-]{subsection.4.3}{\376\377\000S\000e\000c\000o\000n\000d\000\040\000m\000o\000m\000e\000n\000t\000\040\000t\000e\000n\000s\000o\000r\000\040\000o\000f\000\040\000t\000h\000e\000\040\000s\000o\000u\000r\000c\000e}{section.4}% 19
\BOOKMARK [2][-]{subsection.4.4}{\376\377\000F\000i\000e\000l\000d\000\040\000i\000n\000t\000e\000n\000s\000i\000t\000y\000\040\000f\000r\000o\000m\000\040\000s\000t\000r\000e\000a\000m\000l\000e\000t\000\040\000c\000o\000u\000n\000t\000s\000\040\000a\000n\000d\000\040\000s\000e\000c\000o\000n\000d\000\040\000m\000o\000m\000e\000n\000t\000s}{section.4}% 20
\BOOKMARK [2][-]{subsection.4.5}{\376\377\000T\000r\000a\000n\000s\000v\000e\000r\000s\000e\000l\000y\000\040\000i\000s\000o\000t\000r\000o\000p\000i\000c\000\040\000s\000o\000u\000r\000c\000e\000\040\000a\000n\000d\000\040\000c\000a\000n\000o\000n\000i\000c\000a\000l\000\040\000f\000o\000r\000m}{section.4}% 21
\BOOKMARK [2][-]{subsection.4.6}{\376\377\000S\000t\000r\000u\000c\000t\000u\000r\000a\000l\000\040\000a\000n\000g\000l\000e\000\040\000\040\000f\000r\000o\000m\000\040\000t\000h\000e\000\040\000s\000e\000c\000o\000n\000d\000\040\000m\000o\000m\000e\000n\000t}{section.4}% 22
\BOOKMARK [2][-]{subsection.4.7}{\376\377\000E\000m\000e\000r\000g\000e\000n\000c\000e\000\040\000o\000f\000\040\000t\000h\000e\000\040\000L\000o\000r\000e\000n\000t\000z\000i\000a\000n\000\040\000m\000e\000t\000r\000i\000c}{section.4}% 23
\BOOKMARK [2][-]{subsection.4.8}{\376\377\000T\000i\000m\000e\000\040\000a\000s\000\040\000a\000n\000\040\000u\000n\000w\000r\000a\000p\000p\000e\000d\000\040\000p\000h\000a\000s\000e}{section.4}% 24
\BOOKMARK [1][-]{section.5}{\376\377\000L\000o\000c\000a\000l\000\040\000q\000u\000a\000t\000e\000r\000n\000i\000o\000n\000i\000c\000\040\000a\000l\000g\000e\000b\000r\000a\000\040\000a\000n\000d\000\040\000p\000h\000a\000s\000e\000\040\000d\000y\000n\000a\000m\000i\000c\000s}{}% 25
\BOOKMARK [2][-]{subsection.5.1}{\376\377\000H\000o\000p\000f\000\040\000l\000i\000f\000t\000\040\000a\000n\000d\000\040\000p\000h\000a\000s\000e\000\040\000w\000i\000t\000h\000o\000u\000t\000\040\000p\000u\000n\000c\000t\000u\000r\000e\000s}{section.5}% 26
\BOOKMARK [1][-]{section.6}{\376\377\000T\000i\000l\000t\000\040\000a\000n\000g\000l\000e\000\040\000g\000e\000o\000m\000e\000t\000r\000y\000\040\000a\000n\000d\000\040\000h\000y\000p\000e\000r\000b\000o\000l\000i\000c\000\040\000p\000a\000r\000a\000m\000e\000t\000r\000i\000z\000a\000t\000i\000o\000n}{}% 27
\BOOKMARK [2][-]{subsection.6.1}{\376\377\000E\000u\000c\000l\000i\000d\000e\000a\000n\000\040\000t\000i\000l\000t\000\040\000a\000n\000g\000l\000e}{section.6}% 28
\BOOKMARK [2][-]{subsection.6.2}{\376\377\000L\000o\000r\000e\000n\000t\000z\000i\000a\000n\000\040\000n\000o\000r\000m\000\040\000e\000x\000p\000r\000e\000s\000s\000e\000d\000\040\000v\000i\000a\000\040}{section.6}% 29
\BOOKMARK [2][-]{subsection.6.3}{\376\377\000D\000o\000m\000a\000i\000n\000\040\000o\000f\000\040\000h\000y\000p\000e\000r\000b\000o\000l\000i\000c\000\040\000p\000a\000r\000a\000m\000e\000t\000r\000i\000z\000a\000t\000i\000o\000n}{section.6}% 30
\BOOKMARK [2][-]{subsection.6.4}{\376\377\000H\000y\000p\000e\000r\000b\000o\000l\000i\000c\000\040\000p\000a\000r\000a\000m\000e\000t\000r\000i\000z\000a\000t\000i\000o\000n}{section.6}% 31
\BOOKMARK [2][-]{subsection.6.5}{\376\377\000D\000i\000f\000f\000e\000r\000e\000n\000t\000i\000a\000l\000\040\000r\000e\000l\000a\000t\000i\000o\000n\000\040\000b\000e\000t\000w\000e\000e\000n\000\040\000\040\000a\000n\000d\000\040}{section.6}% 32
\BOOKMARK [2][-]{subsection.6.6}{\376\377\000A\000d\000d\000i\000t\000i\000v\000i\000t\000y\000\040\000o\000f\000\040\000t\000h\000e\000\040\000h\000y\000p\000e\000r\000b\000o\000l\000i\000c\000\040\000p\000a\000r\000a\000m\000e\000t\000e\000r}{section.6}% 33
\BOOKMARK [2][-]{subsection.6.7}{\376\377\000B\000o\000o\000s\000t\000\040\000s\000u\000b\000g\000r\000o\000u\000p\000\040\000a\000n\000d\000\040\000a\000d\000d\000i\000t\000i\000v\000i\000t\000y\000\040\000o\000f\000\040\000t\000h\000e\000\040\000h\000y\000p\000e\000r\000b\000o\000l\000i\000c\000\040\000p\000a\000r\000a\000m\000e\000t\000e\000r}{section.6}% 34
\BOOKMARK [2][-]{subsection.6.8}{\376\377\000C\000o\000m\000p\000a\000r\000i\000s\000o\000n\000\040\000w\000i\000t\000h\000\040\000c\000l\000a\000s\000s\000i\000c\000a\000l\000\040\000a\000n\000g\000l\000e\000\040\000c\000o\000n\000v\000e\000n\000t\000i\000o\000n\000s}{section.6}% 35
\BOOKMARK [1][-]{section.7}{\376\377\000P\000h\000a\000s\000e\040\023\000p\000a\000r\000a\000m\000e\000t\000e\000r\000i\000z\000e\000d\000\040\000c\000u\000r\000v\000e\000s\000\040\000a\000n\000d\000\040\000i\000n\000v\000a\000r\000i\000a\000n\000t\000\040\000p\000a\000r\000a\000m\000e\000t\000e\000r}{}% 36
\BOOKMARK [2][-]{subsection.7.1}{\376\377\000P\000h\000a\000s\000e\040\023\000p\000a\000r\000a\000m\000e\000t\000e\000r\000i\000z\000e\000d\000\040\000c\000u\000r\000v\000e\000s\000\040\000i\000n\000\040\000\050\000E\000,\000\051}{section.7}% 37
\BOOKMARK [2][-]{subsection.7.2}{\376\377\000R\000e\000f\000e\000r\000e\000n\000c\000e\000\040\000c\000u\000r\000v\000e\000s\000\040\000a\000l\000i\000g\000n\000e\000d\000\040\000w\000i\000t\000h\000\040\000N}{section.7}% 38
\BOOKMARK [2][-]{subsection.7.3}{\376\377\000C\000o\000n\000s\000t\000r\000u\000c\000t\000i\000o\000n\000\040\000o\000f\000\040\000a\000n\000\040\000i\000n\000v\000a\000r\000i\000a\000n\000t\000\040\000p\000a\000r\000a\000m\000e\000t\000e\000r\000\040\000a\000l\000o\000n\000g\000\040\000g\000e\000n\000e\000r\000a\000l\000\040\000c\000u\000r\000v\000e\000s}{section.7}% 39
\BOOKMARK [2][-]{subsection.7.4}{\376\377\000E\000q\000u\000i\000v\000a\000l\000e\000n\000c\000e\000\040\000o\000f\000\040\000n\000o\000r\000m\000\040\000p\000r\000e\000s\000e\000r\000v\000a\000t\000i\000o\000n}{section.7}% 40
\BOOKMARK [1][-]{section.8}{\376\377\000P\000h\000a\000s\000e\000\040\000F\000i\000e\000l\000d\000s\000\040\000a\000n\000d\000\040\000S\000p\000e\000c\000t\000r\000a\000l\000\040\000G\000e\000o\000m\000e\000t\000r\000y}{}% 41
\BOOKMARK [2][-]{subsection.8.1}{\376\377\000T\000h\000e\000\040\000P\000h\000a\000s\000e\000\040\0001\000-\000F\000o\000r\000m}{section.8}% 42
\BOOKMARK [2][-]{subsection.8.2}{\376\377\000T\000h\000e\000\040\000A\000f\000f\000i\000n\000e\000\040\000I\000n\000t\000e\000r\000c\000e\000p\000t\000\040\000T\000h\000e\000o\000r\000e\000m}{section.8}% 43
\BOOKMARK [2][-]{subsection.8.3}{\376\377\000G\000e\000o\000m\000e\000t\000r\000i\000c\000\040\000D\000e\000r\000i\000v\000a\000t\000i\000o\000n\000\040\000o\000f\000\040\000t\000h\000e\000\040\000S\000c\000a\000l\000i\000n\000g\000\040\000F\000a\000c\000t\000o\000r}{section.8}% 44
\BOOKMARK [2][-]{subsection.8.4}{\376\377\000T\000h\000e\000\040\000S\000p\000e\000c\000t\000r\000a\000l\000\040\000R\000a\000t\000i\000o\000\040\000\050\000D\000o\000p\000p\000l\000e\000r\000\040\000F\000o\000r\000m\000u\000l\000a\000\051}{section.8}% 45
\BOOKMARK [1][-]{section.9}{\376\377\000P\000h\000y\000s\000i\000c\000a\000l\000\040\000R\000e\000a\000l\000i\000z\000a\000t\000i\000o\000n\000:\000\040\000F\000l\000o\000w\000\040\000a\000n\000d\000\040\000T\000i\000m\000e}{}% 46
\BOOKMARK [2][-]{subsection.9.1}{\376\377\000T\000h\000e\000\040\000F\000l\000o\000w\000\040\000P\000o\000s\000t\000u\000l\000a\000t\000e}{section.9}% 47
\BOOKMARK [2][-]{subsection.9.2}{\376\377\000T\000i\000m\000e\000\040\000a\000s\000\040\000P\000r\000o\000j\000e\000c\000t\000i\000o\000n}{section.9}% 48
\BOOKMARK [2][-]{subsection.9.3}{\376\377\000P\000r\000o\000p\000e\000r\000\040\000T\000i\000m\000e\000\040\000a\000n\000d\000\040\000t\000h\000e\000\040\000E\000m\000e\000r\000g\000e\000n\000t\000\040\000M\000e\000t\000r\000i\000c}{section.9}% 49
\BOOKMARK [2][-]{subsection.9.4}{\376\377\000V\000a\000c\000u\000u\000m\000\040\000a\000n\000d\000\040\000t\000h\000e\000\040\000L\000i\000g\000h\000t\000\040\000C\000o\000n\000e}{section.9}% 50
\BOOKMARK [1][-]{section.10}{\376\377\000C\000o\000n\000s\000t\000a\000n\000t\040\023\000S\000p\000e\000e\000d\000\040\000F\000l\000o\000w\000s\000\040\000a\000n\000d\000\040\000C\000a\000l\000i\000b\000r\000a\000t\000i\000o\000n\000s}{}% 51
\BOOKMARK [2][-]{subsection.10.1}{\376\377\000P\000h\000a\000s\000e\040\023\000p\000a\000r\000a\000m\000e\000t\000e\000r\000i\000z\000e\000d\000\040\000f\000l\000o\000w\000s}{section.10}% 52
\BOOKMARK [2][-]{subsection.10.2}{\376\377\000I\000n\000t\000e\000r\000v\000a\000l\000\040\000\050\000g\000e\000o\000m\000e\000t\000r\000i\000c\000\051\000\040\000c\000a\000l\000i\000b\000r\000a\000t\000i\000o\000n}{section.10}% 53
\BOOKMARK [2][-]{subsection.10.3}{\376\377\000P\000h\000a\000s\000e\040\023\000f\000r\000e\000q\000u\000e\000n\000c\000y\000\040\000c\000a\000l\000i\000b\000r\000a\000t\000i\000o\000n}{section.10}% 54
\BOOKMARK [1][-]{section.11}{\376\377\000T\000i\000l\000t\000\040\000G\000e\000o\000m\000e\000t\000r\000y\000\040\000a\000n\000d\000\040\000R\000a\000p\000i\000d\000i\000t\000y}{}% 55
\BOOKMARK [2][-]{subsection.11.1}{\376\377\000T\000i\000l\000t\000\040\000d\000e\000c\000o\000m\000p\000o\000s\000i\000t\000i\000o\000n}{section.11}% 56
\BOOKMARK [2][-]{subsection.11.2}{\376\377\000K\000e\000y\000\040\000i\000d\000e\000n\000t\000i\000t\000y}{section.11}% 57
\BOOKMARK [2][-]{subsection.11.3}{\376\377\000V\000e\000l\000o\000c\000i\000t\000y\000\040\000p\000a\000r\000a\000m\000e\000t\000r\000i\000z\000a\000t\000i\000o\000n}{section.11}% 58
\BOOKMARK [2][-]{subsection.11.4}{\376\377\000C\000o\000m\000p\000o\000s\000i\000t\000i\000o\000n\000\040\000o\000f\000\040\000b\000o\000o\000s\000t\000s}{section.11}% 59
\BOOKMARK [1][-]{section.12}{\376\377\000P\000h\000a\000s\000e\040\023\000D\000e\000r\000i\000v\000a\000t\000i\000v\000e\000\040\000D\000o\000p\000p\000l\000e\000r\000\040\000L\000a\000w}{}% 60
\BOOKMARK [2][-]{subsection.12.1}{\376\377\000D\000i\000f\000f\000e\000r\000e\000n\000t\000i\000a\000l\000\040\000f\000o\000r\000m}{section.12}% 61
\BOOKMARK [2][-]{subsection.12.2}{\376\377\000T\000h\000r\000o\000u\000g\000h\000\040\000t\000h\000e\000\040\000t\000i\000l\000t\000\040\000a\000n\000g\000l\000e}{section.12}% 62
\BOOKMARK [2][-]{subsection.12.3}{\376\377\000F\000i\000n\000i\000t\000e\000\040\000f\000o\000r\000m}{section.12}% 63
\BOOKMARK [1][-]{section.13}{\376\377\000B\000o\000d\000i\000e\000s\000\040\000a\000s\000\040\000E\000n\000s\000e\000m\000b\000l\000e\000s\000\040\000o\000f\000\040\000S\000t\000r\000e\000a\000m\000l\000e\000t\000s}{}% 64
\BOOKMARK [2][-]{subsection.13.1}{\376\377\000S\000e\000c\000o\000n\000d\040\023\000m\000o\000m\000e\000n\000t\000\040\000t\000e\000n\000s\000o\000r}{section.13}% 65
\BOOKMARK [2][-]{subsection.13.2}{\376\377\000I\000s\000o\000t\000r\000o\000p\000i\000c\000\040\0003\000D\000\040\000d\000i\000s\000t\000r\000i\000b\000u\000t\000i\000o\000n}{section.13}% 66
\BOOKMARK [2][-]{subsection.13.3}{\376\377\000N\000e\000w\000t\000o\000n\000i\000a\000n\000\040\000l\000i\000m\000i\000t}{section.13}% 67
\BOOKMARK [1][-]{section.14}{\376\377\000R\000o\000t\000o\000r\000\040\000L\000a\000n\000g\000u\000a\000g\000e\000\040\000a\000n\000d\000\040\000B\000r\000i\000d\000g\000e\000\040\000t\000o\000\040\000U\000n\000i\000m\000e\000t\000r\000y\000\040\000I\000I}{}% 68
\BOOKMARK [2][-]{subsection.14.1}{\376\377\000B\000i\000v\000e\000c\000t\000o\000r\000\040\000r\000o\000t\000o\000r\000\040\000f\000o\000r\000\040\000b\000o\000o\000s\000t\000s}{section.14}% 69
\BOOKMARK [2][-]{subsection.14.2}{\376\377\000E\000l\000e\000m\000e\000n\000t\000s\000\040\000i\000n\000h\000e\000r\000i\000t\000e\000d\000\040\000b\000y\000\040\000G\000E\000M}{section.14}% 70
\BOOKMARK [2][-]{subsection.14.3}{\376\377\000P\000r\000e\000v\000i\000e\000w}{section.14}% 71
\BOOKMARK [1][-]{section.15}{\376\377\000D\000i\000s\000c\000u\000s\000s\000i\000o\000n\000\040\000a\000n\000d\000\040\000O\000u\000t\000l\000o\000o\000k}{}% 72
\BOOKMARK [1][-]{appendix.A}{\376\377\000H\000o\000p\000f\000\040\000l\000i\000f\000t\000,\000\040\000f\000i\000b\000r\000e\000\040\000p\000h\000a\000s\000e\000,\000\040\000a\000n\000d\000\040\000d\000e\000g\000r\000e\000e\000-\000k\000\040\000l\000i\000f\000t\000s}{}% 73
\BOOKMARK [2][-]{subsection.A.1}{\376\377\000U\000n\000i\000t\000\040\000q\000u\000a\000t\000e\000r\000n\000i\000o\000n\000s\000\040\000a\000n\000d\000\040\000t\000h\000e\000\040\000H\000o\000p\000f\000\040\000m\000a\000p}{appendix.A}% 74
\BOOKMARK [2][-]{subsection.A.2}{\376\377\000T\000h\000e\000\040\000f\000i\000b\000r\000e\000\040\000a\000c\000t\000i\000o\000n\000\040\000a\000n\000d\000\040\000t\000h\000e\000\040\000p\000h\000a\000s\000e\000\040\000p\000a\000r\000a\000m\000e\000t\000e\000r\000\040}{appendix.A}% 75
\BOOKMARK [2][-]{subsection.A.3}{\376\377\000H\000o\000p\000f\000\040\000t\000o\000r\000i\000:\000\040\000t\000h\000e\000\040\000p\000r\000e\000i\000m\000a\000g\000e\000\040\000o\000f\000\040\000a\000\040\000c\000i\000r\000c\000l\000e\000\040\000o\000n\000\040\000t\000h\000e\000\040\000b\000a\000s\000e}{appendix.A}% 76
\BOOKMARK [2][-]{subsection.A.4}{\376\377\000T\000h\000e\000\040\000d\000o\000u\000b\000l\000e\000\040\000c\000o\000v\000e\000r\000\040\000S\000U\000\050\0002\000\051\000S\000O\000\050\0003\000\051\000\040\000a\000n\000d\000\040\0004\040\023\000p\000e\000r\000i\000o\000d\000i\000c\000i\000t\000y}{appendix.A}% 77
\BOOKMARK [2][-]{subsection.A.5}{\376\377\000D\000e\000g\000r\000e\000e\000-\000k\000\040\000l\000i\000f\000t\000s}{appendix.A}% 78
\BOOKMARK [2][-]{subsection.A.6}{\376\377\000F\000r\000o\000m\000\040\000S\0002\000\040\000t\000o\000\040\000t\000h\000e\000\040\000c\000l\000o\000s\000e\000d\000\040\0003\040\023\000b\000a\000l\000l}{appendix.A}% 79
\BOOKMARK [1][-]{appendix.B}{\376\377\000S\000i\000g\000n\000a\000t\000u\000r\000e\000\040\000c\000a\000l\000c\000u\000l\000a\000t\000i\000o\000n}{}% 80
\BOOKMARK [1][-]{appendix.C}{\376\377\000G\000u\000d\000e\000r\000m\000a\000n\000n\000\040\000i\000d\000e\000n\000t\000i\000t\000i\000e\000s}{}% 81
\BOOKMARK [1][-]{appendix.D}{\376\377\000I\000s\000o\000t\000r\000o\000p\000y\000\040\000\040\000c\000a\000n\000o\000n\000i\000c\000a\000l\000\040\000M\000A\000B}{}% 82
\BOOKMARK [1][-]{appendix.E}{\376\377\000R\000e\000l\000a\000t\000i\000o\000n\000\040\000t\000o\000\040\000R\000i\000e\000m\000a\000n\000n\000i\000a\000n\000\040\000\040\000L\000o\000r\000e\000n\000t\000z\000i\000a\000n\000\040\000c\000o\000n\000s\000t\000r\000u\000c\000t\000i\000o\000n\000s}{}% 83
\BOOKMARK [1][-]{appendix.F}{\376\377\000I\000n\000t\000r\000o\000d\000u\000c\000t\000i\000o\000n}{}% 84
\BOOKMARK [1][-]{appendix.G}{\376\377\000F\000l\000o\000w\000\040\000c\000o\000n\000c\000e\000p\000t}{}% 85
\BOOKMARK [2][-]{subsection.G.1}{\376\377\000F\000l\000o\000w\000\040\000a\000n\000d\000\040\000p\000h\000a\000s\000e\000\040\0001\000-\000f\000o\000r\000m}{appendix.G}% 86
\BOOKMARK [2][-]{subsection.G.2}{\376\377\000F\000l\000o\000w\000\040\000d\000e\000s\000c\000r\000i\000p\000t\000i\000o\000n}{appendix.G}% 87
\BOOKMARK [2][-]{subsection.G.3}{\376\377\000F\000l\000o\000w\000\040\000o\000f\000\040\000a\000\040\000c\000o\000m\000p\000l\000e\000x\000\040\000b\000o\000d\000y}{appendix.G}% 88
\BOOKMARK [2][-]{subsection.G.4}{\376\377\000L\000o\000c\000a\000l\000\040\000c\000a\000l\000i\000b\000r\000a\000t\000i\000o\000n\000\040\000b\000y\000\040\000t\000h\000e\000\040\000i\000n\000v\000a\000r\000i\000a\000n\000t\000\040\000s\000i\000g\000n\000a\000l\000\040\000s\000p\000e\000e\000d}{appendix.G}% 89
\BOOKMARK [2][-]{subsection.G.5}{\376\377\000I\000n\000t\000r\000i\000n\000s\000i\000c\000\040\000a\000n\000g\000l\000e}{appendix.G}% 90
\BOOKMARK [2][-]{subsection.G.6}{\376\377\000T\000h\000r\000e\000e\000\040\000a\000n\000g\000l\000e\000s}{appendix.G}% 91
\BOOKMARK [2][-]{subsection.G.7}{\376\377\000S\000R\000\040\000s\000i\000m\000p\000l\000i\000f\000i\000c\000a\000t\000i\000o\000n}{appendix.G}% 92
\BOOKMARK [2][-]{subsection.G.8}{\376\377\000M\000i\000n\000k\000o\000w\000s\000k\000i\000\040\000m\000e\000t\000r\000i\000c\000\040\000d\000e\000r\000i\000v\000a\000t\000i\000o\000n}{appendix.G}% 93
\BOOKMARK [2][-]{subsection.G.9}{\376\377\000S\000y\000m\000m\000e\000t\000r\000y}{appendix.G}% 94
\BOOKMARK [1][-]{appendix.H}{\376\377\000O\000p\000e\000r\000a\000t\000i\000o\000n\000s}{}% 95
\BOOKMARK [2][-]{subsection.H.1}{\376\377\000W\000h\000y\000\040\000q\000u\000a\000t\000e\000r\000n\000i\000o\000n\000\040\000a\000l\000g\000e\000b\000r\000a}{appendix.H}% 96
\BOOKMARK [2][-]{subsection.H.2}{\376\377\000T\000h\000e\000\040\000s\000p\000a\000t\000i\000a\000l\000l\000y\000\040\000l\000i\000n\000k\000e\000d\000\040\000q\000u\000a\000t\000e\000r\000n\000i\000o\000n}{appendix.H}% 97
\BOOKMARK [2][-]{subsection.H.3}{\376\377\000V\000e\000l\000o\000c\000i\000t\000y\000\040\000a\000d\000d\000i\000t\000i\000o\000n}{appendix.H}% 98
\BOOKMARK [3][-]{subsubsection.H.3.1}{\376\377\000W\000i\000g\000n\000e\000r\000\040\000r\000o\000t\000a\000t\000i\000o\000n}{subsection.H.3}% 99
\BOOKMARK [3][-]{subsubsection.H.3.2}{\376\377\000T\000h\000o\000m\000a\000s\000\040\000p\000r\000e\000c\000e\000s\000s\000i\000o\000n}{subsection.H.3}% 100
\BOOKMARK [2][-]{subsection.H.4}{\376\377\000T\000i\000m\000e\000\040\000f\000i\000b\000e\000r\000,\000\040\000H\000o\000p\000f\000\040\000f\000i\000b\000r\000a\000t\000i\000o\000n\000,\000\040\000a\000n\000d\000\040\000t\000h\000e\000\040\000B\000l\000o\000c\000h\000/\000P\000o\000i\000n\000c\000a\000r\000\351\000\040\000s\000p\000h\000e\000r\000e\000s\000.}{appendix.H}% 101
\BOOKMARK [1][-]{appendix.I}{\376\377\000P\000h\000a\000s\000e\000:\000\040\000o\000p\000e\000r\000a\000t\000i\000o\000n\000a\000l\000\040\000d\000e\000f\000i\000n\000i\000t\000i\000o\000n\000\040\000a\000n\000d\000\040\000p\000h\000y\000s\000i\000c\000a\000l\000\040\000m\000e\000a\000n\000i\000n\000g}{}% 102
\BOOKMARK [1][-]{appendix.J}{\376\377\000M\000a\000p\000p\000i\000n\000g\000\040\000t\000o\000\040\000S\000R}{}% 103
\BOOKMARK [1][-]{appendix.K}{\376\377\000S\000R\040\023\000p\000h\000a\000s\000e\000\040\000c\000o\000r\000r\000e\000s\000p\000o\000n\000d\000e\000n\000c\000e\000s}{}% 104
\BOOKMARK [1][-]{appendix.L}{\376\377\000P\000h\000a\000s\000e\000\040\000s\000p\000a\000c\000e}{}% 105
\BOOKMARK [1][-]{appendix.M}{\376\377\000O\000b\000j\000e\000c\000t\000s\000:\000\040\000o\000p\000e\000r\000a\000t\000i\000o\000n\000a\000l\000\040\000c\000a\000t\000a\000l\000o\000g\000u\000e\000\040\000a\000n\000d\000\040\000i\000n\000f\000e\000r\000e\000n\000c\000e}{}% 106
\BOOKMARK [1][-]{appendix.N}{\376\377\000P\000h\000a\000s\000e\000-\000d\000e\000r\000i\000v\000a\000t\000i\000v\000e\000\040\000v\000i\000e\000w}{}% 107
\BOOKMARK [2][-]{subsection.N.1}{\376\377\000M\000i\000n\000k\000o\000w\000s\000k\000i\040\023\000p\000h\000a\000s\000e\000\040\000e\000q\000u\000a\000l\000i\000t\000y\000\040\000o\000f\000\040\000i\000n\000v\000a\000r\000i\000a\000n\000t\000s}{appendix.N}% 108
\BOOKMARK [2][-]{subsection.N.2}{\376\377\000P\000h\000o\000t\000o\000n\000\040\000t\000i\000m\000e\000:\000\040\000n\000u\000l\000l\000\040\000i\000n\000t\000e\000r\000v\000a\000l\000\040\000a\000n\000d\000\040\000p\000h\000a\000s\000e\000\040\000p\000a\000r\000a\000m\000e\000t\000e\000r}{appendix.N}% 109
\BOOKMARK [2][-]{subsection.N.3}{\376\377\000R\000e\000l\000a\000t\000i\000v\000i\000s\000t\000i\000c\000\040\000D\000o\000p\000p\000l\000e\000r\000\040\000a\000s\000\040\000a\000\040\000p\000h\000a\000s\000e\040\023\000k\000i\000n\000e\000m\000a\000t\000i\000c\000\040\000t\000h\000e\000o\000r\000e\000m}{appendix.N}% 110
\BOOKMARK [1][-]{appendix.O}{\376\377\000U\000n\000i\000f\000i\000e\000d\000\040\000t\000e\000m\000p\000o\000r\000a\000l\000\040\000e\000f\000f\000e\000c\000t\000s\000\040\000i\000n\000\040\000p\000h\000a\000s\000e\000\040\000s\000p\000a\000c\000e}{}% 111
\BOOKMARK [1][-]{appendix.P}{\376\377\000G\000r\000a\000v\000i\000t\000y\000\040\000a\000s\000\040\000a\000\040\000p\000h\000a\000s\000e\000\040\000r\000o\000t\000a\000t\000i\000o\000n}{}% 112
\BOOKMARK [1][-]{appendix.Q}{\376\377\000D\000i\000s\000c\000u\000s\000s\000i\000o\000n}{}% 113
\BOOKMARK [1][-]{appendix.A}{\376\377\000E\000q\000u\000i\000v\000a\000l\000e\000n\000c\000e\000\040\000t\000o\000\040\000t\000h\000e\000\040\000c\000l\000a\000s\000s\000i\000c\000a\000l\000\040\000W\000i\000g\000n\000e\000r\000\040\000r\000o\000t\000a\000t\000i\000o\000n}{}% 114
